2023-08-06 04:57:50.122185 - Initialized conversion of CBT510
2023-08-06 04:57:50.289548 - Received CBT.V505.FILE510.PDS from FILE510.XMI 
2023-08-06 04:57:50.292124 - Found $$$#DATE.txt (text/plain) in CBT.V505.FILE510.PDS, moved to PDS/$$$#DATE
2023-08-06 04:57:50.293293 - Found $$$NOTE.txt (text/plain) in CBT.V505.FILE510.PDS, moved to PDS/$$$NOTE
2023-08-06 04:57:50.294286 - Found @FILE510.txt (text/plain) in CBT.V505.FILE510.PDS, moved to PDS/@FILE510
2023-08-06 04:57:50.295240 - Found ASMHCL.jcl (text/plain) in CBT.V505.FILE510.PDS, moved to PDS/ASMHCL
2023-08-06 04:57:50.296255 - Found BLANK.txt (text/plain) in CBT.V505.FILE510.PDS, moved to PDS/BLANK
2023-08-06 04:57:50.297227 - Found GREGJUL.txt (text/plain) in CBT.V505.FILE510.PDS, moved to PDS/GREGJUL
2023-08-06 04:57:50.298201 - Found IEBJCL.jcl (text/plain) in CBT.V505.FILE510.PDS, moved to PDS/IEBJCL
2023-08-06 04:57:50.299230 - Found IEBLHELP.txt (text/plain) in CBT.V505.FILE510.PDS, moved to PDS/IEBLHELP
2023-08-06 04:57:50.300198 - Found IEBLIST.txt (text/plain) in CBT.V505.FILE510.PDS, moved to PDS/IEBLIST
2023-08-06 04:57:50.301080 - Found IEBLISTO.txt (text/plain) in CBT.V505.FILE510.PDS, moved to PDS/IEBLISTO
2023-08-06 04:57:50.302073 - Found IGC0025E.txt (text/plain) in CBT.V505.FILE510.PDS, moved to PDS/IGC0025E
2023-08-06 04:57:50.302930 - Found JULGREG.txt (text/plain) in CBT.V505.FILE510.PDS, moved to PDS/JULGREG
2023-08-06 04:57:50.303775 - Found PERFORM.txt (text/plain) in CBT.V505.FILE510.PDS, moved to PDS/PERFORM
2023-08-06 04:57:50.304660 - Found SPACE.txt (text/plain) in CBT.V505.FILE510.PDS, moved to PDS/SPACE
2023-08-06 04:57:50.305562 - Found SPACEDS.txt (text/plain) in CBT.V505.FILE510.PDS, moved to PDS/SPACEDS
2023-08-06 04:57:50.306633 - Found SPACP001.txt (text/plain) in CBT.V505.FILE510.PDS, moved to PDS/SPACP001
2023-08-06 04:57:50.307549 - Found SPACP002.txt (text/plain) in CBT.V505.FILE510.PDS, moved to PDS/SPACP002
2023-08-06 04:57:50.308373 - Found UCBMAP.txt (text/plain) in CBT.V505.FILE510.PDS, moved to PDS/UCBMAP
2023-08-06 04:57:50.309216 - Found VARYDASD.txt (text/plain) in CBT.V505.FILE510.PDS, moved to PDS/VARYDASD
